c:\users\francesco\documents\of_v0.9.8_vs_release\apps\myapps\livegranular\obj\debug\ofxbasegui.obj
c:\users\francesco\documents\of_v0.9.8_vs_release\apps\myapps\livegranular\obj\debug\ofxslidergroup.obj
c:\users\francesco\documents\of_v0.9.8_vs_release\apps\myapps\livegranular\obj\debug\ofxoscsender.obj
c:\users\francesco\documents\of_v0.9.8_vs_release\apps\myapps\livegranular\obj\debug\main.obj
c:\users\francesco\documents\of_v0.9.8_vs_release\apps\myapps\livegranular\obj\debug\maxiatoms.obj
c:\users\francesco\documents\of_v0.9.8_vs_release\apps\myapps\livegranular\obj\debug\ofxtcpclient.obj
c:\users\francesco\documents\of_v0.9.8_vs_release\apps\myapps\livegranular\obj\debug\udpsocket.obj
c:\users\francesco\documents\of_v0.9.8_vs_release\apps\myapps\livegranular\obj\debug\ofsoundeffect.obj
c:\users\francesco\documents\of_v0.9.8_vs_release\apps\myapps\livegranular\obj\debug\ofxlabel.obj
c:\users\francesco\documents\of_v0.9.8_vs_release\apps\myapps\livegranular\obj\debug\maxigrains.obj
c:\users\francesco\documents\of_v0.9.8_vs_release\apps\myapps\livegranular\obj\debug\ofxudpmanager.obj
c:\users\francesco\documents\of_v0.9.8_vs_release\apps\myapps\livegranular\obj\debug\ipendpointname.obj
c:\users\francesco\documents\of_v0.9.8_vs_release\apps\myapps\livegranular\obj\debug\oscoutboundpacketstream.obj
c:\users\francesco\documents\of_v0.9.8_vs_release\apps\myapps\livegranular\obj\debug\oscprintreceivedelements.obj
c:\users\francesco\documents\of_v0.9.8_vs_release\apps\myapps\livegranular\obj\debug\ofxguigroup.obj
c:\users\francesco\documents\of_v0.9.8_vs_release\apps\myapps\livegranular\obj\debug\maximfcc.obj
c:\users\francesco\documents\of_v0.9.8_vs_release\apps\myapps\livegranular\obj\debug\stb_vorbis.obj
c:\users\francesco\documents\of_v0.9.8_vs_release\apps\myapps\livegranular\obj\debug\ofxtcpmanager.obj
c:\users\francesco\documents\of_v0.9.8_vs_release\apps\myapps\livegranular\obj\debug\ofxoscreceiver.obj
c:\users\francesco\documents\of_v0.9.8_vs_release\apps\myapps\livegranular\obj\debug\ofsoundunit.obj
c:\users\francesco\documents\of_v0.9.8_vs_release\apps\myapps\livegranular\obj\debug\ofxpanel.obj
c:\users\francesco\documents\of_v0.9.8_vs_release\apps\myapps\livegranular\obj\debug\maximilian.obj
c:\users\francesco\documents\of_v0.9.8_vs_release\apps\myapps\livegranular\obj\debug\ofxoscbundle.obj
c:\users\francesco\documents\of_v0.9.8_vs_release\apps\myapps\livegranular\obj\debug\ofxtoggle.obj
c:\users\francesco\documents\of_v0.9.8_vs_release\apps\myapps\livegranular\obj\debug\ofxoscmessage.obj
c:\users\francesco\documents\of_v0.9.8_vs_release\apps\myapps\livegranular\obj\debug\ofxbutton.obj
c:\users\francesco\documents\of_v0.9.8_vs_release\apps\myapps\livegranular\obj\debug\ofxslider.obj
c:\users\francesco\documents\of_v0.9.8_vs_release\apps\myapps\livegranular\obj\debug\ofxoscparametersync.obj
c:\users\francesco\documents\of_v0.9.8_vs_release\apps\myapps\livegranular\obj\debug\ofapp.obj
c:\users\francesco\documents\of_v0.9.8_vs_release\apps\myapps\livegranular\obj\debug\fft.obj
c:\users\francesco\documents\of_v0.9.8_vs_release\apps\myapps\livegranular\obj\debug\maxibark.obj
c:\users\francesco\documents\of_v0.9.8_vs_release\apps\myapps\livegranular\obj\debug\maxifft.obj
c:\users\francesco\documents\of_v0.9.8_vs_release\apps\myapps\livegranular\obj\debug\ofxtcpserver.obj
c:\users\francesco\documents\of_v0.9.8_vs_release\apps\myapps\livegranular\obj\debug\networkingutils.obj
c:\users\francesco\documents\of_v0.9.8_vs_release\apps\myapps\livegranular\obj\debug\oscreceivedelements.obj
c:\users\francesco\documents\of_v0.9.8_vs_release\apps\myapps\livegranular\obj\debug\osctypes.obj
c:\users\francesco\documents\of_v0.9.8_vs_release\apps\myapps\livegranular\obj\debug\grainplayer.obj
c:\users\francesco\documents\of_v0.9.8_vs_release\apps\myapps\livegranular\obj\debug\vc141.pdb
c:\users\francesco\documents\of_v0.9.8_vs_release\apps\myapps\livegranular\bin\livegranular_debug.ilk
c:\users\francesco\documents\of_v0.9.8_vs_release\apps\myapps\livegranular\bin\livegranular_debug.exe
c:\users\francesco\documents\of_v0.9.8_vs_release\apps\myapps\livegranular\bin\livegranular_debug.pdb
c:\users\francesco\documents\of_v0.9.8_vs_release\apps\myapps\livegranular\bin\livegranular_debug.lib
c:\users\francesco\documents\of_v0.9.8_vs_release\apps\myapps\livegranular\bin\livegranular_debug.exp
c:\users\francesco\documents\of_v0.9.8_vs_release\apps\myapps\livegranular\obj\debug\icon.res
c:\users\francesco\documents\of_v0.9.8_vs_release\apps\myapps\livegranular\obj\debug\livegranular.tlog\cl.command.1.tlog
c:\users\francesco\documents\of_v0.9.8_vs_release\apps\myapps\livegranular\obj\debug\livegranular.tlog\cl.read.1.tlog
c:\users\francesco\documents\of_v0.9.8_vs_release\apps\myapps\livegranular\obj\debug\livegranular.tlog\cl.write.1.tlog
c:\users\francesco\documents\of_v0.9.8_vs_release\apps\myapps\livegranular\obj\debug\livegranular.tlog\link.command.1.tlog
c:\users\francesco\documents\of_v0.9.8_vs_release\apps\myapps\livegranular\obj\debug\livegranular.tlog\link.read.1.tlog
c:\users\francesco\documents\of_v0.9.8_vs_release\apps\myapps\livegranular\obj\debug\livegranular.tlog\link.write.1.tlog
c:\users\francesco\documents\of_v0.9.8_vs_release\apps\myapps\livegranular\obj\debug\livegranular.tlog\livegranular.write.1u.tlog
c:\users\francesco\documents\of_v0.9.8_vs_release\apps\myapps\livegranular\obj\debug\livegranular.tlog\rc.command.1.tlog
c:\users\francesco\documents\of_v0.9.8_vs_release\apps\myapps\livegranular\obj\debug\livegranular.tlog\rc.read.1.tlog
c:\users\francesco\documents\of_v0.9.8_vs_release\apps\myapps\livegranular\obj\debug\livegranular.tlog\rc.write.1.tlog
